#
# There is insufficient memory for the Java Runtime Environment to continue.
# Native memory allocation (mmap) failed to map 257949696 bytes for G1 virtual space
# Possible reasons:
#   The system is out of physical RAM or swap space
#   The process is running with CompressedOops enabled, and the Java Heap may be blocking the growth of the native heap
# Possible solutions:
#   Reduce memory load on the system
#   Increase physical memory or swap space
#   Check if swap backing store is full
#   Decrease Java heap size (-Xmx/-Xms)
#   Decrease number of Java threads
#   Decrease Java thread stack sizes (-Xss)
#   Set larger code cache with -XX:ReservedCodeCacheSize=
#   JVM is running with Zero Based Compressed Oops mode in which the Java heap is
#     placed in the first 32GB address space. The Java Heap base address is the
#     maximum limit for the native heap growth. Please use -XX:HeapBaseMinAddress
#     to set the Java Heap base and to place the Java Heap above 32GB virtual address.
# This output file may be truncated or incomplete.
#
#  Out of Memory Error (./open/src/hotspot/os/windows/os_windows.cpp:3321), pid=15872, tid=18964
#
# JRE version:  (15.0.2+7) (build )
# Java VM: OpenJDK 64-Bit Server VM (15.0.2+7-27, mixed mode, sharing, tiered, compressed oops, g1 gc, windows-amd64)
# No core dump will be written. Minidumps are not enabled by default on client versions of Windows
#

---------------  S U M M A R Y ------------

Command Line: -javaagent:C:\Program Files\JetBrains\IntelliJ IDEA 2021.1.1\lib\idea_rt.jar=56844:C:\Program Files\JetBrains\IntelliJ IDEA 2021.1.1\bin -Dfile.encoding=UTF-8 MainKt

Host: AMD Ryzen 5 4600H with Radeon Graphics         , 12 cores, 15G,  Windows 10 , 64 bit Build 22000 (10.0.22000.708)
Time: Tue Aug 16 21:33:05 2022 Mitteleuropäische Sommerzeit elapsed time: 0.010008 seconds (0d 0h 0m 0s)

---------------  T H R E A D  ---------------

Current thread (0x00000218d41888e0):  JavaThread "Unknown thread" [_thread_in_vm, id=18964, stack(0x00000093c9a00000,0x00000093c9b00000)]

Stack: [0x00000093c9a00000,0x00000093c9b00000]
Native frames: (J=compiled Java code, j=interpreted, Vv=VM code, C=native code)
V  [jvm.dll+0x62ae9a]
V  [jvm.dll+0x7817a9]
V  [jvm.dll+0x782f03]
V  [jvm.dll+0x783563]
V  [jvm.dll+0x216325]
V  [jvm.dll+0x6281d9]
V  [jvm.dll+0x61cf55]
V  [jvm.dll+0x2cffdd]
V  [jvm.dll+0x2cfe42]
V  [jvm.dll+0x2d5e1c]
V  [jvm.dll+0x32590a]
V  [jvm.dll+0x324fd4]
V  [jvm.dll+0x2a6f5a]
V  [jvm.dll+0x2a80f8]
V  [jvm.dll+0x75e241]
V  [jvm.dll+0x3341c4]
V  [jvm.dll+0x73e926]
V  [jvm.dll+0x3b7557]
V  [jvm.dll+0x3b8fe1]
C  [jli.dll+0x52fb]
C  [ucrtbase.dll+0x26c0c]
C  [KERNEL32.DLL+0x154e0]
C  [ntdll.dll+0x485b]


---------------  P R O C E S S  ---------------

Threads class SMR info:
_java_thread_list=0x00007ffc8fe64ff0, length=0, elements={
}

Java Threads: ( => current thread )

Other Threads:
  0x00000218d41d7750 GCTaskThread "GC Thread#0" [stack: 0x00000093c9b00000,0x00000093c9c00000] [id=18192]
  0x00000218d41e8000 ConcurrentGCThread "G1 Main Marker" [stack: 0x00000093c9c00000,0x00000093c9d00000] [id=7212]
  0x00000218d41e8bf0 ConcurrentGCThread "G1 Conc#0" [stack: 0x00000093c9d00000,0x00000093c9e00000] [id=15076]

[error occurred during error reporting (printing all threads), id 0xc0000005, EXCEPTION_ACCESS_VIOLATION (0xc0000005) at pc=0x00007ffc8f657e27]

VM state: not at safepoint (not fully initialized)

VM Mutex/Monitor currently owned by a thread:  ([mutex/lock_event])
[0x00000218d4184120] Heap_lock - owner thread: 0x00000218d41888e0

Heap address: 0x000000070a000000, size: 3936 MB, Compressed Oops mode: Zero based, Oop shift amount: 3
CDS archive(s) mapped at: [0x0000000000000000-0x0000000000000000-0x0000000000000000), size 0, SharedBaseAddress: 0x0000000800000000, ArchiveRelocationMode: 0.
Narrow klass base: 0x0000000000000000, Narrow klass shift: 0, Narrow klass range: 0x0

Heap:
 garbage-first heap   total 251904K, used 0K [0x000000070a000000, 0x0000000800000000)
  region size 2048K, 0 young (0K), 0 survivors (0K)
 Metaspace       used 0K, capacity 0K, committed 0K, reserved 0K
  class space    used 0K, capacity 0K, committed 0K, reserved 0K

Heap Regions: E=young(eden), S=young(survivor), O=old, HS=humongous(starts), HC=humongous(continues), CS=collection set, F=free, OA=open archive, CA=closed archive, TAMS=top-at-mark-start (previous, next)

Card table byte_map: [0x00000218ec0d0000,0x00000218ec880000] _byte_map_base: 0x00000218e8880000

Marking Bits (Prev, Next): (CMBitMap*) 0x00000218d41d7f40, (CMBitMap*) 0x00000218d41d7f80
 Prev Bits: [0x00000218ed030000, 0x00000218f0db0000)
 Next Bits: [0x00000218f0db0000, 0x00000218f4b30000)

GC Heap History (0 events):
No events

Deoptimization events (0 events):
No events

Classes unloaded (0 events):
No events

Classes redefined (0 events):
No events

Internal exceptions (0 events):
No events

Events (1 events):
Event: 0.006 Loaded shared library C:\Users\bs\.jdks\openjdk-15.0.2\bin\java.dll


Dynamic libraries:
0x00007ff7e69d0000 - 0x00007ff7e69dd000 	C:\Users\bs\.jdks\openjdk-15.0.2\bin\java.exe
0x00007ffd11460000 - 0x00007ffd11669000 	C:\WINDOWS\SYSTEM32\ntdll.dll
0x00007ffd0fbf0000 - 0x00007ffd0fcad000 	C:\WINDOWS\System32\KERNEL32.DLL
0x00007ffd0ef70000 - 0x00007ffd0f2ed000 	C:\WINDOWS\System32\KERNELBASE.dll
0x00007ffd0ed20000 - 0x00007ffd0ee31000 	C:\WINDOWS\System32\ucrtbase.dll
0x00007ffce8a60000 - 0x00007ffce8a79000 	C:\Users\bs\.jdks\openjdk-15.0.2\bin\VCRUNTIME140.dll
0x00007ffcfd6e0000 - 0x00007ffcfd6f8000 	C:\Users\bs\.jdks\openjdk-15.0.2\bin\jli.dll
0x00007ffd11210000 - 0x00007ffd113bd000 	C:\WINDOWS\System32\USER32.dll
0x00007ffd026c0000 - 0x00007ffd02965000 	C:\WINDOWS\WinSxS\amd64_microsoft.windows.common-controls_6595b64144ccf1df_6.0.22000.120_none_9d947278b86cc467\COMCTL32.dll
0x00007ffd0ebd0000 - 0x00007ffd0ebf6000 	C:\WINDOWS\System32\win32u.dll
0x00007ffd10650000 - 0x00007ffd106f3000 	C:\WINDOWS\System32\msvcrt.dll
0x00007ffd10500000 - 0x00007ffd10529000 	C:\WINDOWS\System32\GDI32.dll
0x00007ffd0ec00000 - 0x00007ffd0ed18000 	C:\WINDOWS\System32\gdi32full.dll
0x00007ffd0eab0000 - 0x00007ffd0eb4d000 	C:\WINDOWS\System32\msvcp_win.dll
0x00007ffd0f350000 - 0x00007ffd0f381000 	C:\WINDOWS\System32\IMM32.DLL
0x00007ffcfd9a0000 - 0x00007ffcfd9ac000 	C:\Users\bs\.jdks\openjdk-15.0.2\bin\vcruntime140_1.dll
0x00007ffcd6f80000 - 0x00007ffcd7011000 	C:\Users\bs\.jdks\openjdk-15.0.2\bin\msvcp140.dll
0x00007ffc8f3a0000 - 0x00007ffc8fefe000 	C:\Users\bs\.jdks\openjdk-15.0.2\bin\server\jvm.dll
0x00007ffd0fcb0000 - 0x00007ffd0fd5e000 	C:\WINDOWS\System32\ADVAPI32.dll
0x00007ffd10460000 - 0x00007ffd104fe000 	C:\WINDOWS\System32\sechost.dll
0x00007ffd10530000 - 0x00007ffd10650000 	C:\WINDOWS\System32\RPCRT4.dll
0x00007ffd0fd60000 - 0x00007ffd0fd68000 	C:\WINDOWS\System32\PSAPI.DLL
0x00007ffd085b0000 - 0x00007ffd085b9000 	C:\WINDOWS\SYSTEM32\WSOCK32.dll
0x00007ffd0b750000 - 0x00007ffd0b783000 	C:\WINDOWS\SYSTEM32\WINMM.dll
0x00007ffd06610000 - 0x00007ffd0661a000 	C:\WINDOWS\SYSTEM32\VERSION.dll
0x00007ffd0fe60000 - 0x00007ffd0fecf000 	C:\WINDOWS\System32\WS2_32.dll
0x00007ffd0da10000 - 0x00007ffd0da28000 	C:\WINDOWS\SYSTEM32\kernel.appcore.dll
0x00007ffcee630000 - 0x00007ffcee63a000 	C:\Users\bs\.jdks\openjdk-15.0.2\bin\jimage.dll
0x00007ffd0c130000 - 0x00007ffd0c351000 	C:\WINDOWS\SYSTEM32\DBGHELP.DLL
0x00007ffd07250000 - 0x00007ffd07281000 	C:\WINDOWS\SYSTEM32\dbgcore.DLL
0x00007ffd0eb50000 - 0x00007ffd0ebcf000 	C:\WINDOWS\System32\bcryptPrimitives.dll
0x00007ffd098d0000 - 0x00007ffd098de000 	C:\Users\bs\.jdks\openjdk-15.0.2\bin\instrument.dll
0x00007ffcd8660000 - 0x00007ffcd8685000 	C:\Users\bs\.jdks\openjdk-15.0.2\bin\java.dll

dbghelp: loaded successfully - version: 4.0.5 - missing functions: none
symbol engine: initialized successfully - sym options: 0x614 - pdb path: .;C:\Users\bs\.jdks\openjdk-15.0.2\bin;C:\WINDOWS\SYSTEM32;C:\WINDOWS\WinSxS\amd64_microsoft.windows.common-controls_6595b64144ccf1df_6.0.22000.120_none_9d947278b86cc467;C:\Users\bs\.jdks\openjdk-15.0.2\bin\server

VM Arguments:
jvm_args: -javaagent:C:\Program Files\JetBrains\IntelliJ IDEA 2021.1.1\lib\idea_rt.jar=56844:C:\Program Files\JetBrains\IntelliJ IDEA 2021.1.1\bin -Dfile.encoding=UTF-8 
java_command: MainKt
java_class_path (initial): C:\Users\bs\CGA_Project_Sancak_Nguyen_22\My_Little_World\out\production\My_Little_World;C:\Users\bs\AppData\Roaming\JetBrains\IntelliJIdea2021.1\plugins\Kotlin\kotlinc\lib\kotlin-stdlib.jar;C:\Users\bs\AppData\Roaming\JetBrains\IntelliJIdea2021.1\plugins\Kotlin\kotlinc\lib\kotlin-reflect.jar;C:\Users\bs\AppData\Roaming\JetBrains\IntelliJIdea2021.1\plugins\Kotlin\kotlinc\lib\kotlin-test.jar;C:\Users\bs\Downloads\lwjgl-release-3.3.1-custom\lwjgl-assimp.jar;C:\Users\bs\Downloads\lwjgl-release-3.3.1-custom\lwjgl-assimp-natives-macos.jar;C:\Users\bs\Downloads\lwjgl-release-3.3.1-custom\lwjgl-glfw.jar;C:\Users\bs\Downloads\lwjgl-release-3.3.1-custom\lwjgl-glfw-natives-macos.jar;C:\Users\bs\Downloads\lwjgl-release-3.3.1-custom\lwjgl-opengl.jar;C:\Users\bs\Downloads\lwjgl-release-3.3.1-custom\lwjgl-opengl-natives-macos.jar;C:\Users\bs\Downloads\lwjgl-release-3.3.1-custom\lwjgl-stb.jar;C:\Users\bs\Downloads\lwjgl-release-3.3.1-custom\lwjgl-stb-natives-macos.jar;C:\Users\bs\Downloads\lwjgl-release-3.3.1-custom\lwjgl.jar;C:\Users\bs\Downloads\lwjgl-release-3.3.1-custom\lwjgl-natives-macos.jar;C:\Users\bs\Downloads\joml-1.10.4.jar;C:\Users\bs\Downloads\lwjgl-release-3.3.1-custom\lwjgl-assimp-natives-windows.jar;C:\Users\bs\Downloads\lwjgl-release-3.3.1-custom\lwjgl-glfw-natives-windows.jar;C:\Users\bs\Downloads\lwjgl-release-3.3.1-custom\lwjgl-natives-windows.jar;C:\Users\bs\Downloads\lwjgl-release-3.3.1-custom\lwjgl-opengl-natives-windows.jar;C:\Users\bs\Downloads\lwjgl-release-3.3.1-custom\lwjgl-stb-natives-windows.jar
Launcher Type: SUN_STANDARD

[Global flags]
     intx CICompilerCount                          = 4                                         {product} {ergonomic}
     uint ConcGCThreads                            = 3                                         {product} {ergonomic}
     uint G1ConcRefinementThreads                  = 10                                        {product} {ergonomic}
   size_t G1HeapRegionSize                         = 2097152                                   {product} {ergonomic}
    uintx GCDrainStackTargetSize                   = 64                                        {product} {ergonomic}
   size_t InitialHeapSize                          = 257949696                                 {product} {ergonomic}
   size_t MarkStackSize                            = 4194304                                   {product} {ergonomic}
   size_t MaxHeapSize                              = 4127195136                                {product} {ergonomic}
   size_t MinHeapDeltaBytes                        = 2097152                                   {product} {ergonomic}
   size_t MinHeapSize                              = 8388608                                   {product} {ergonomic}
    uintx NonNMethodCodeHeapSize                   = 5839372                                {pd product} {ergonomic}
    uintx NonProfiledCodeHeapSize                  = 122909434                              {pd product} {ergonomic}
    uintx ProfiledCodeHeapSize                     = 122909434                              {pd product} {ergonomic}
    uintx ReservedCodeCacheSize                    = 251658240                              {pd product} {ergonomic}
     bool SegmentedCodeCache                       = true                                      {product} {ergonomic}
   size_t SoftMaxHeapSize                          = 4127195136                             {manageable} {ergonomic}
     bool UseCompressedClassPointers               = true                                 {lp64_product} {ergonomic}
     bool UseCompressedOops                        = true                                 {lp64_product} {ergonomic}
     bool UseG1GC                                  = true                                      {product} {ergonomic}
     bool UseLargePagesIndividualAllocation        = false                                  {pd product} {ergonomic}

Logging:
Log output configuration:
 #0: stdout all=warning uptime,level,tags
 #1: stderr all=off uptime,level,tags

Environment Variables:
PATH=C:\Program Files\Common Files\Oracle\Java\javapath;C:\WINDOWS\system32;C:\WINDOWS;C:\WINDOWS\System32\Wbem;C:\WINDOWS\System32\WindowsPowerShell\v1.0\;C:\WINDOWS\System32\OpenSSH\;C:\Program Files\Git\cmd;C:\Program Files\nodejs\;C:\Program Files\Docker\Docker\resources\bin;C:\ProgramData\DockerDesktop\version-bin;C:\Users\bs\AppData\Local\Microsoft\WindowsApps;C:\Users\bs\AppData\Local\GitHubDesktop\bin;C:\Users\bs\AppData\Roaming\npm;C:\Users\bs\AppData\Local\Android\Sdk\platform-tools;
USERNAME=bs
OS=Windows_NT
PROCESSOR_IDENTIFIER=AMD64 Family 23 Model 96 Stepping 1, AuthenticAMD



---------------  S Y S T E M  ---------------

OS:
 Windows 10 , 64 bit Build 22000 (10.0.22000.708)
OS uptime: 3 days 2:07 hours
HyperV virtualization detected

CPU: total 12 (initial active 12) (12 cores per cpu, 2 threads per core) family 23 model 96 stepping 1 microcode 0x0, cmov, cx8, fxsr, mmx, sse, sse2, sse3, ssse3, sse4.1, sse4.2, popcnt, vzeroupper, avx, avx2, aes, clmul, 3dnowpref, lzcnt, sse4a, ht, tsc, tscinvbit, tscinv, bmi1, bmi2, adx, sha, fma, clflush, clflushopt

Memory: 4k page, system-wide physical 15741M (2001M free)
TotalPageFile size 19837M (AvailPageFile size 190M)
current process WorkingSet (physical memory assigned to process): 10M, peak: 10M
current process commit charge ("private bytes"): 64M, peak: 310M

vm_info: OpenJDK 64-Bit Server VM (15.0.2+7-27) for windows-amd64 JRE (15.0.2+7-27), built on Dec  7 2020 20:02:38 by "mach5one" with unknown MS VC++:1925

END.
